<?xml version="1.0" encoding="UTF-8"?>
<!-- Generated by org.testng.reporters.JUnitReportReporter -->
<testsuite hostname="NAVEENKUMARAN" failures="0" tests="2" name="com.herokuapp.restfulbooker.GetBookingIdsTest" time="5.696" errors="0" timestamp="2024-12-08T17:35:17 IST" skipped="0">
  <testcase classname="com.herokuapp.restfulbooker.GetBookingIdsTest" name="getBookingIdsWithFilter" time="3.988"/>
  <system-out/>
  <testcase classname="com.herokuapp.restfulbooker.GetBookingIdsTest" name="getBookingIdsWithoutFilter" time="1.708"/>
  <system-out/>
</testsuite> <!-- com.herokuapp.restfulbooker.GetBookingIdsTest -->
