<?xml version="1.0" encoding="UTF-8"?>
<!-- Generated by org.testng.reporters.JUnitReportReporter -->
<testsuite hostname="NAVEENKUMARAN" failures="0" tests="2" name="com.herokuapp.restfulbooker.HealthCheckTest" time="4.494" errors="0" timestamp="2024-10-27T17:11:14 IST" skipped="0">
  <testcase classname="com.herokuapp.restfulbooker.HealthCheckTest" name="FirstHealthCheckTest" time="3.223"/>
  <system-out/>
  <testcase classname="com.herokuapp.restfulbooker.HealthCheckTest" name="HeadersAndCookiesTest" time="1.271"/>
  <system-out/>
</testsuite> <!-- com.herokuapp.restfulbooker.HealthCheckTest -->
