<?xml version="1.0" encoding="UTF-8"?>
<!-- Generated by org.testng.reporters.JUnitReportReporter -->
<testsuite hostname="NAVEENKUMARAN" failures="0" tests="1" name="com.herokuapp.restfulbooker.DeleteBookingTest" time="6.119" errors="0" timestamp="2024-10-27T13:03:06 IST" skipped="0">
  <testcase classname="com.herokuapp.restfulbooker.DeleteBookingTest" name="deleteBookingTest" time="6.119"/>
  <system-out/>
</testsuite> <!-- com.herokuapp.restfulbooker.DeleteBookingTest -->
