<?xml version="1.0" encoding="UTF-8"?>
<!-- Generated by org.testng.reporters.JUnitReportReporter -->
<testsuite hostname="NAVEENKUMARAN" failures="0" tests="1" name="com.herokuapp.restfulbooker.UpdateBookingId" time="5.050" errors="0" timestamp="2024-10-27T11:56:57 IST" skipped="0">
  <testcase classname="com.herokuapp.restfulbooker.UpdateBookingId" name="updateBookingTest" time="5.050"/>
  <system-out/>
</testsuite> <!-- com.herokuapp.restfulbooker.UpdateBookingId -->
