<?xml version="1.0" encoding="UTF-8"?>
<!-- Generated by org.testng.reporters.JUnitReportReporter -->
<testsuite hostname="NAVEENKUMARAN" failures="1" tests="2" name="com.herokuapp.restfulbooker.GetBookingIdDetailsTest" time="3.765" errors="0" timestamp="2024-10-27T17:22:18 IST" skipped="1">
  <testcase classname="com.herokuapp.restfulbooker.GetBookingIdDetailsTest" name="getBookingIDTestXML" time="3.765">
    <failure message="The following asserts failed:
	firstname in response is not expected expected [Dmitry] but found [Josh],
	lastname in response is not expected expected [Shyshkin] but found [Allen],
	totalprice in response is not expected expected [150] but found [111],
	depositpaid should be false, but it&#039;s not expected [false] but found [true],
	checkin in response is not expected expected [2020-03-25] but found [2018-01-01],
	checkout in response is not expected expected [2020-03-27] but found [2019-01-01],
	additionalneeds in response is not expected expected [Baby crib] but found [super bowls]" type="java.lang.AssertionError">
      <![CDATA[java.lang.AssertionError: The following asserts failed:
firstname in response is not expected expected [Dmitry] but found [Josh],
lastname in response is not expected expected [Shyshkin] but found [Allen],
totalprice in response is not expected expected [150] but found [111],
depositpaid should be false, but it's not expected [false] but found [true],
checkin in response is not expected expected [2020-03-25] but found [2018-01-01],
checkout in response is not expected expected [2020-03-27] but found [2019-01-01],
additionalneeds in response is not expected expected [Baby crib] but found [super bowls]
at org.testng.asserts.SoftAssert.assertAll(SoftAssert.java:47)
at org.testng.asserts.SoftAssert.assertAll(SoftAssert.java:31)
at com.herokuapp.restfulbooker.GetBookingIdDetailsTest.getBookingIDTestXML(GetBookingIdDetailsTest.java:90)
at java.base/jdk.internal.reflect.NativeMethodAccessorImpl.invoke0(Native Method)
at java.base/jdk.internal.reflect.NativeMethodAccessorImpl.invoke(NativeMethodAccessorImpl.java:77)
at java.base/jdk.internal.reflect.DelegatingMethodAccessorImpl.invoke(DelegatingMethodAccessorImpl.java:43)
at java.base/java.lang.reflect.Method.invoke(Method.java:568)
at org.testng.internal.MethodInvocationHelper.invokeMethod(MethodInvocationHelper.java:133)
at org.testng.internal.TestInvoker.invokeMethod(TestInvoker.java:598)
at org.testng.internal.TestInvoker.invokeTestMethod(TestInvoker.java:173)
at org.testng.internal.MethodRunner.runInSequence(MethodRunner.java:46)
at org.testng.internal.TestInvoker$MethodInvocationAgent.invoke(TestInvoker.java:824)
at org.testng.internal.TestInvoker.invokeTestMethods(TestInvoker.java:146)
at org.testng.internal.TestMethodWorker.invokeTestMethods(TestMethodWorker.java:146)
at org.testng.internal.TestMethodWorker.run(TestMethodWorker.java:128)
at java.base/java.util.ArrayList.forEach(ArrayList.java:1511)
at org.testng.TestRunner.privateRun(TestRunner.java:794)
at org.testng.TestRunner.run(TestRunner.java:596)
at org.testng.SuiteRunner.runTest(SuiteRunner.java:377)
at org.testng.SuiteRunner.runSequentially(SuiteRunner.java:371)
at org.testng.SuiteRunner.privateRun(SuiteRunner.java:332)
at org.testng.SuiteRunner.run(SuiteRunner.java:276)
at org.testng.SuiteRunnerWorker.runSuite(SuiteRunnerWorker.java:53)
at org.testng.SuiteRunnerWorker.run(SuiteRunnerWorker.java:96)
at org.testng.TestNG.runSuitesSequentially(TestNG.java:1212)
at org.testng.TestNG.runSuitesLocally(TestNG.java:1134)
at org.testng.TestNG.runSuites(TestNG.java:1063)
at org.testng.TestNG.run(TestNG.java:1031)
at org.testng.remote.AbstractRemoteTestNG.run(AbstractRemoteTestNG.java:115)
at org.testng.remote.RemoteTestNG.initAndRun(RemoteTestNG.java:251)
at org.testng.remote.RemoteTestNG.main(RemoteTestNG.java:77)
]]>
    </failure>
  </testcase> <!-- getBookingIDTestXML -->
  <system-out/>
  <testcase classname="com.herokuapp.restfulbooker.GetBookingIdDetailsTest" name="getBookingIDTest">
    <skipped/>
  </testcase> <!-- getBookingIDTest -->
  <system-out/>
</testsuite> <!-- com.herokuapp.restfulbooker.GetBookingIdDetailsTest -->
