<?xml version="1.0" encoding="UTF-8"?>
<!-- Generated by org.testng.reporters.JUnitReportReporter -->
<testsuite hostname="NAVEENKUMARAN" failures="0" tests="1" name="com.herokuapp.restfulbooker.PartialUpdateBookingID" time="5.434" errors="0" timestamp="2024-10-27T12:11:32 IST" skipped="0">
  <testcase classname="com.herokuapp.restfulbooker.PartialUpdateBookingID" name="updateBookingTest" time="5.434"/>
  <system-out/>
</testsuite> <!-- com.herokuapp.restfulbooker.PartialUpdateBookingID -->
